# JRE version: OpenJDK Runtime Environment Corretto-17.0.6.10.1 (17.0.6+10) (build 17.0.6+10-LTS)
# Java VM: OpenJDK 64-Bit Server VM Corretto-17.0.6.10.1 (17.0.6+10-LTS, mixed mode, emulated-client, sharing, tiered, compressed oops, compressed class ptrs, g1 gc, windows-amd64)
GC Precious Log:
 CPUs: 16 total, 16 available
 Memory: 15789M
 Large Page Support: Disabled
 NUMA Support: Disabled
 Compressed Oops: Enabled (Zero based)
 Heap Region Size: 2M
 Heap Min Capacity: 8M
 Heap Initial Capacity: 248M
 Heap Max Capacity: 3948M
 Pre-touch: Disabled
 Parallel Workers: 13
 Concurrent Workers: 3
 Concurrent Refinement Workers: 13
 Periodic GC: Disabled
Heap:
 garbage-first heap   total 61440K, used 16015K [0x0000000709400000, 0x0000000800000000)
  region size 2048K, 3 young (6144K), 2 survivors (4096K)
 Metaspace       used 23971K, committed 24256K, reserved 1073152K
  class space    used 3362K, committed 3520K, reserved 1048576K
GC Heap History (10 events):
Event: 0.579 GC heap before
{Heap before GC invocations=0 (full 0):
 garbage-first heap   total 253952K, used 22528K [0x0000000709400000, 0x0000000800000000)
  region size 2048K, 11 young (22528K), 0 survivors (0K)
 Metaspace       used 6592K, committed 6720K, reserved 1056768K
  class space    used 836K, committed 896K, reserved 1048576K
}
Event: 0.583 GC heap after
{Heap after GC invocations=1 (full 0):
 garbage-first heap   total 253952K, used 8192K [0x0000000709400000, 0x0000000800000000)
  region size 2048K, 2 young (4096K), 2 survivors (4096K)
 Metaspace       used 6592K, committed 6720K, reserved 1056768K
  class space    used 836K, committed 896K, reserved 1048576K
}
Event: 0.917 GC heap before
{Heap before GC invocations=1 (full 0):
 garbage-first heap   total 253952K, used 30720K [0x0000000709400000, 0x0000000800000000)
  region size 2048K, 13 young (26624K), 2 survivors (4096K)
 Metaspace       used 10146K, committed 10368K, reserved 1064960K
  class space    used 1397K, committed 1536K, reserved 1048576K
}
Event: 0.920 GC heap after
{Heap after GC invocations=2 (full 0):
 garbage-first heap   total 253952K, used 9990K [0x0000000709400000, 0x0000000800000000)
  region size 2048K, 1 young (2048K), 1 survivors (2048K)
 Metaspace       used 10146K, committed 10368K, reserved 1064960K
  class space    used 1397K, committed 1536K, reserved 1048576K
}
Event: 1.455 GC heap before
{Heap before GC invocations=2 (full 0):
 garbage-first heap   total 253952K, used 71430K [0x0000000709400000, 0x0000000800000000)
  region size 2048K, 32 young (65536K), 1 survivors (2048K)
 Metaspace       used 21066K, committed 21376K, reserved 1073152K
  class space    used 2908K, committed 3072K, reserved 1048576K
}
Event: 1.458 GC heap after
{Heap after GC invocations=3 (full 0):
 garbage-first heap   total 253952K, used 14239K [0x0000000709400000, 0x0000000800000000)
  region size 2048K, 3 young (6144K), 3 survivors (6144K)
 Metaspace       used 21066K, committed 21376K, reserved 1073152K
  class space    used 2908K, committed 3072K, reserved 1048576K
}
Event: 1.472 GC heap before
{Heap before GC invocations=3 (full 0):
 garbage-first heap   total 253952K, used 16287K [0x0000000709400000, 0x0000000800000000)
  region size 2048K, 5 young (10240K), 3 survivors (6144K)
 Metaspace       used 21238K, committed 21504K, reserved 1073152K
  class space    used 2928K, committed 3072K, reserved 1048576K
}
Event: 1.475 GC heap after
{Heap after GC invocations=4 (full 0):
 garbage-first heap   total 253952K, used 14477K [0x0000000709400000, 0x0000000800000000)
  region size 2048K, 3 young (6144K), 3 survivors (6144K)
 Metaspace       used 21238K, committed 21504K, reserved 1073152K
  class space    used 2928K, committed 3072K, reserved 1048576K
}
Event: 1.861 GC heap before
{Heap before GC invocations=5 (full 0):
 garbage-first heap   total 61440K, used 43149K [0x0000000709400000, 0x0000000800000000)
  region size 2048K, 18 young (36864K), 3 survivors (6144K)
 Metaspace       used 23843K, committed 24192K, reserved 1073152K
  class space    used 3344K, committed 3520K, reserved 1048576K
}
Event: 1.866 GC heap after
{Heap after GC invocations=6 (full 0):
 garbage-first heap   total 61440K, used 16015K [0x0000000709400000, 0x0000000800000000)
  region size 2048K, 2 young (4096K), 2 survivors (4096K)
 Metaspace       used 23843K, committed 24192K, reserved 1073152K
  class space    used 3344K, committed 3520K, reserved 1048576K
}

